
> integra-front@0.1.0 dev
> next dev --turbopack

 ⚠ Mismatching @next/swc version, detected: 15.5.7 while Next.js is on 15.5.11. Please ensure these match
 ⚠ Warning: Next.js inferred your workspace root, but it may not be correct.
 We detected multiple lockfiles and selected the directory of /app/package-lock.json as the root directory.
 To silence this warning, set `turbopack.root` in your Next.js config, or consider removing one of the lockfiles if it's not needed.
   See https://nextjs.org/docs/app/api-reference/config/next-config-js/turbopack#root-directory for more information.
 Detected additional lockfiles:
   * /app/integra-front/package-lock.json

 ⚠ Port 3000 is in use by an unknown process, using available port 3001 instead.
 ⚠ Mismatching @next/swc version, detected: 15.5.7 while Next.js is on 15.5.11. Please ensure these match
   ▲ Next.js 15.5.11 (Turbopack)
   - Local:        http://localhost:3001
   - Network:      http://192.168.0.2:3001

 ✓ Starting...
 ○ Compiling middleware ...
 ✓ Compiled middleware in 1106ms
 ✓ Ready in 3.9s
 ○ Compiling / ...
 ✓ Compiled / in 6.5s
 GET / 200 in 7996ms
 ○ Compiling /inicio ...
 ✓ Compiled /inicio in 2.9s
 GET /inicio 200 in 3645ms
